  main.cpp
E:\개인파일\datastructuretest\Lec04_Class\Music.h(20,9): error C2059: 구문 오류: 'this'
  (소스 파일 'main.cpp'을(를) 컴파일하는 중)
  
E:\개인파일\datastructuretest\Lec04_Class\Music.h(20,23): error C2238: ';' 앞에 예기치 않은 토큰이 있습니다.
  (소스 파일 'main.cpp'을(를) 컴파일하는 중)
  
E:\개인파일\datastructuretest\Lec04_Class\Music.h(21,2): error C2059: 구문 오류: 'this'
  (소스 파일 'main.cpp'을(를) 컴파일하는 중)
  
E:\개인파일\datastructuretest\Lec04_Class\Music.h(21,21): error C2238: ';' 앞에 예기치 않은 토큰이 있습니다.
  (소스 파일 'main.cpp'을(를) 컴파일하는 중)
  
E:\개인파일\datastructuretest\Lec04_Class\Music.h(22,2): error C2059: 구문 오류: 'this'
  (소스 파일 'main.cpp'을(를) 컴파일하는 중)
  
E:\개인파일\datastructuretest\Lec04_Class\Music.h(22,23): error C2238: ';' 앞에 예기치 않은 토큰이 있습니다.
  (소스 파일 'main.cpp'을(를) 컴파일하는 중)
  
E:\개인파일\datastructuretest\Lec04_Class\Music.h(23,2): error C2059: 구문 오류: 'this'
  (소스 파일 'main.cpp'을(를) 컴파일하는 중)
  
E:\개인파일\datastructuretest\Lec04_Class\Music.h(23,21): error C2238: ';' 앞에 예기치 않은 토큰이 있습니다.
  (소스 파일 'main.cpp'을(를) 컴파일하는 중)
  
E:\개인파일\datastructuretest\Lec04_Class\Music.h(24,2): error C2059: 구문 오류: 'this'
  (소스 파일 'main.cpp'을(를) 컴파일하는 중)
  
E:\개인파일\datastructuretest\Lec04_Class\Music.h(24,19): error C2238: ';' 앞에 예기치 않은 토큰이 있습니다.
  (소스 파일 'main.cpp'을(를) 컴파일하는 중)
  
E:\개인파일\datastructuretest\Lec04_Class\Music.h(34,8): error C2332: 'class': 태그 이름이 없습니다.
  (소스 파일 'main.cpp'을(를) 컴파일하는 중)
  
E:\개인파일\datastructuretest\Lec04_Class\Music.h(34,8): error C2059: 구문 오류: '>'
  (소스 파일 'main.cpp'을(를) 컴파일하는 중)
  
E:\개인파일\datastructuretest\Lec04_Class\Music.h(34,19): error C2238: ';' 앞에 예기치 않은 토큰이 있습니다.
  (소스 파일 'main.cpp'을(를) 컴파일하는 중)
  
E:\개인파일\datastructuretest\Lec04_Class\Music.h(36,30): error C2143: 구문 오류: ')'이(가) ':' 앞에 없습니다.
  (소스 파일 'main.cpp'을(를) 컴파일하는 중)
  
E:\개인파일\datastructuretest\Lec04_Class\Music.h(36,41): error C2059: 구문 오류: ')'
  (소스 파일 'main.cpp'을(를) 컴파일하는 중)
  
E:\개인파일\datastructuretest\Lec04_Class\Music.h(36,42): error C2969: 구문 오류: ';': 멤버 함수 정의가 '}'로 끝나야 합니다.
  (소스 파일 'main.cpp'을(를) 컴파일하는 중)
  
E:\개인파일\datastructuretest\Lec04_Class\Music.h(39,2): error C2059: 구문 오류: '{'
  (소스 파일 'main.cpp'을(를) 컴파일하는 중)
  
E:\개인파일\datastructuretest\Lec04_Class\Music.h(39,2): error C2334: '{' 앞에 예기치 않은 토큰이 있습니다. 명백한 함수 본문을 건너뜁니다.
  (소스 파일 'main.cpp'을(를) 컴파일하는 중)
  
E:\개인파일\datastructuretest\Lec04_Class\Music.h(36,42): error C2059: 구문 오류: ';'
  (소스 파일 'main.cpp'을(를) 컴파일하는 중)
  
E:\개인파일\datastructuretest\Lec04_Class\Music.h(44,17): error C2059: 구문 오류: '인라인 함수 헤더'
  (소스 파일 'main.cpp'을(를) 컴파일하는 중)
  
E:\개인파일\datastructuretest\Lec04_Class\Music.h(36,42): error C2630: 쉼표로 구분된 목록이 있어야 하는 곳에 ';'이(가) 있습니다.
  (소스 파일 'main.cpp'을(를) 컴파일하는 중)
  
E:\개인파일\datastructuretest\Lec04_Class\Music.h(45,23): error C2065: 'music_list': 선언되지 않은 식별자입니다.
  (소스 파일 'main.cpp'을(를) 컴파일하는 중)
  
E:\개인파일\datastructuretest\Lec04_Class\Music.h(46,8): error C2065: 'music_list': 선언되지 않은 식별자입니다.
  (소스 파일 'main.cpp'을(를) 컴파일하는 중)
  
E:\개인파일\datastructuretest\Lec04_Class\Music.h(46,36): error C2065: 'title': 선언되지 않은 식별자입니다.
  (소스 파일 'main.cpp'을(를) 컴파일하는 중)
  
E:\개인파일\datastructuretest\Lec04_Class\Music.h(46,51): error C2065: 'music_list': 선언되지 않은 식별자입니다.
  (소스 파일 'main.cpp'을(를) 컴파일하는 중)
  
E:\개인파일\datastructuretest\Lec04_Class\Music.h(48,3): error C2534: 'MusicStreamingService': 생성자는 값을 반환할 수 없습니다.
  (소스 파일 'main.cpp'을(를) 컴파일하는 중)
      E:\개인파일\datastructuretest\Lec04_Class\Music.h(31,7):
      'MusicStreamingService' 선언을 참조하십시오.
  
E:\개인파일\datastructuretest\Lec04_Class\Music.h(48,3): error C2562: 'MusicStreamingService::MusicStreamingService': 'void' 함수에서 값을 반환하고 있습니다.
  (소스 파일 'main.cpp'을(를) 컴파일하는 중)
      E:\개인파일\datastructuretest\Lec04_Class\Music.h(36,2):
      'MusicStreamingService::MusicStreamingService' 선언을 참조하십시오.
  
E:\개인파일\datastructuretest\Lec04_Class\Music.h(52,10): error C2065: 'music': 선언되지 않은 식별자입니다.
  (소스 파일 'main.cpp'을(를) 컴파일하는 중)
  
E:\개인파일\datastructuretest\Lec04_Class\Music.h(52,16): error C2059: 구문 오류: '>'
  (소스 파일 'main.cpp'을(를) 컴파일하는 중)
  
E:\개인파일\datastructuretest\Lec04_Class\Music.h(53,23): error C2065: 'music_list': 선언되지 않은 식별자입니다.
  (소스 파일 'main.cpp'을(를) 컴파일하는 중)
  
E:\개인파일\datastructuretest\Lec04_Class\Music.h(54,8): error C2065: 'music_list': 선언되지 않은 식별자입니다.
  (소스 파일 'main.cpp'을(를) 컴파일하는 중)
  
E:\개인파일\datastructuretest\Lec04_Class\Music.h(55,23): error C2065: 'music_list': 선언되지 않은 식별자입니다.
  (소스 파일 'main.cpp'을(를) 컴파일하는 중)
  
E:\개인파일\datastructuretest\Lec04_Class\Music.h(64,1): error C3927: '->': 후행 반환 형식은 비함수 선언자 뒤에 올 수 없습니다.
  (소스 파일 'main.cpp'을(를) 컴파일하는 중)
  
E:\개인파일\datastructuretest\Lec04_Class\Music.h(64,6): error C3484: 구문 오류: 반환 형식 앞에 '->'가 필요합니다.
  (소스 파일 'main.cpp'을(를) 컴파일하는 중)
  
E:\개인파일\datastructuretest\Lec04_Class\Music.h(64,7): error C3613: '->' 후 반환 형식이 없습니다('int'로 간주됨).
  (소스 파일 'main.cpp'을(를) 컴파일하는 중)
  
E:\개인파일\datastructuretest\Lec04_Class\Music.h(64,1): error C4430: 형식 지정자가 없습니다. int로 가정합니다. 참고: C++에서는 기본 int를 지원하지 않습니다.
  (소스 파일 'main.cpp'을(를) 컴파일하는 중)
  
E:\개인파일\datastructuretest\Lec04_Class\Music.h(64,7): error C2146: 구문 오류: ';'이(가) 'new_music' 식별자 앞에 없습니다.
  (소스 파일 'main.cpp'을(를) 컴파일하는 중)
  
E:\개인파일\datastructuretest\Lec04_Class\main.cpp(21,12): error C2143: 구문 오류: ';'이(가) '{' 앞에 없습니다.
E:\개인파일\datastructuretest\Lec04_Class\main.cpp(21,12): error C2447: '{': 함수 헤더가 없습니다. 이전 스타일의 형식 목록입니까?
